{"/Users/lisatian/Documents/GitHub/ghost/server/controllers/lambdaController.js": {"path":"/Users/lisatian/Documents/GitHub/ghost/server/controllers/lambdaController.js","statementMap":{"0":{"start":{"line":1,"column":120},"end":{"line":1,"column":153}},"1":{"start":{"line":3,"column":25},"end":{"line":3,"column":27}},"2":{"start":{"line":5,"column":0},"end":{"line":28,"column":1}},"3":{"start":{"line":6,"column":17},"end":{"line":6,"column":58}},"4":{"start":{"line":8,"column":16},"end":{"line":8,"column":18}},"5":{"start":{"line":10,"column":18},"end":{"line":10,"column":49}},"6":{"start":{"line":12,"column":2},"end":{"line":26,"column":6}},"7":{"start":{"line":14,"column":24},"end":{"line":19,"column":8}},"8":{"start":{"line":15,"column":25},"end":{"line":15,"column":27}},"9":{"start":{"line":16,"column":8},"end":{"line":16,"column":51}},"10":{"start":{"line":17,"column":8},"end":{"line":17,"column":49}},"11":{"start":{"line":18,"column":8},"end":{"line":18,"column":23}},"12":{"start":{"line":20,"column":6},"end":{"line":20,"column":39}},"13":{"start":{"line":21,"column":6},"end":{"line":21,"column":20}},"14":{"start":{"line":24,"column":6},"end":{"line":24,"column":49}},"15":{"start":{"line":25,"column":6},"end":{"line":25,"column":49}},"16":{"start":{"line":30,"column":0},"end":{"line":53,"column":1}},"17":{"start":{"line":31,"column":17},"end":{"line":31,"column":58}},"18":{"start":{"line":33,"column":16},"end":{"line":35,"column":3}},"19":{"start":{"line":37,"column":18},"end":{"line":37,"column":60}},"20":{"start":{"line":39,"column":2},"end":{"line":52,"column":6}},"21":{"start":{"line":41,"column":6},"end":{"line":46,"column":8}},"22":{"start":{"line":47,"column":6},"end":{"line":47,"column":13}},"23":{"start":{"line":50,"column":6},"end":{"line":50,"column":51}},"24":{"start":{"line":51,"column":6},"end":{"line":51,"column":51}},"25":{"start":{"line":55,"column":0},"end":{"line":88,"column":1}},"26":{"start":{"line":56,"column":17},"end":{"line":56,"column":58}},"27":{"start":{"line":58,"column":16},"end":{"line":60,"column":3}},"28":{"start":{"line":62,"column":18},"end":{"line":62,"column":45}},"29":{"start":{"line":64,"column":2},"end":{"line":87,"column":6}},"30":{"start":{"line":66,"column":23},"end":{"line":80,"column":8}},"31":{"start":{"line":67,"column":27},"end":{"line":71,"column":9}},"32":{"start":{"line":72,"column":8},"end":{"line":78,"column":9}},"33":{"start":{"line":73,"column":10},"end":{"line":75,"column":11}},"34":{"start":{"line":74,"column":12},"end":{"line":74,"column":59}},"35":{"start":{"line":77,"column":10},"end":{"line":77,"column":53}},"36":{"start":{"line":79,"column":8},"end":{"line":79,"column":25}},"37":{"start":{"line":81,"column":6},"end":{"line":81,"column":36}},"38":{"start":{"line":82,"column":6},"end":{"line":82,"column":13}},"39":{"start":{"line":85,"column":6},"end":{"line":85,"column":48}},"40":{"start":{"line":86,"column":6},"end":{"line":86,"column":48}},"41":{"start":{"line":90,"column":0},"end":{"line":111,"column":1}},"42":{"start":{"line":91,"column":17},"end":{"line":91,"column":58}},"43":{"start":{"line":93,"column":16},"end":{"line":98,"column":3}},"44":{"start":{"line":100,"column":18},"end":{"line":100,"column":49}},"45":{"start":{"line":102,"column":2},"end":{"line":110,"column":6}},"46":{"start":{"line":104,"column":6},"end":{"line":104,"column":29}},"47":{"start":{"line":105,"column":6},"end":{"line":105,"column":20}},"48":{"start":{"line":108,"column":6},"end":{"line":108,"column":22}},"49":{"start":{"line":109,"column":6},"end":{"line":109,"column":22}},"50":{"start":{"line":114,"column":0},"end":{"line":114,"column":34}}},"fnMap":{"0":{"name":"(anonymous_0)","decl":{"start":{"line":5,"column":32},"end":{"line":5,"column":33}},"loc":{"start":{"line":5,"column":52},"end":{"line":28,"column":1}},"line":5},"1":{"name":"(anonymous_1)","decl":{"start":{"line":13,"column":10},"end":{"line":13,"column":11}},"loc":{"start":{"line":13,"column":18},"end":{"line":22,"column":5}},"line":13},"2":{"name":"(anonymous_2)","decl":{"start":{"line":14,"column":43},"end":{"line":14,"column":44}},"loc":{"start":{"line":14,"column":52},"end":{"line":19,"column":7}},"line":14},"3":{"name":"(anonymous_3)","decl":{"start":{"line":23,"column":11},"end":{"line":23,"column":12}},"loc":{"start":{"line":23,"column":18},"end":{"line":26,"column":5}},"line":23},"4":{"name":"(anonymous_4)","decl":{"start":{"line":30,"column":34},"end":{"line":30,"column":35}},"loc":{"start":{"line":30,"column":54},"end":{"line":53,"column":1}},"line":30},"5":{"name":"(anonymous_5)","decl":{"start":{"line":40,"column":10},"end":{"line":40,"column":11}},"loc":{"start":{"line":40,"column":18},"end":{"line":48,"column":5}},"line":40},"6":{"name":"(anonymous_6)","decl":{"start":{"line":49,"column":11},"end":{"line":49,"column":12}},"loc":{"start":{"line":49,"column":18},"end":{"line":52,"column":5}},"line":49},"7":{"name":"(anonymous_7)","decl":{"start":{"line":55,"column":31},"end":{"line":55,"column":32}},"loc":{"start":{"line":55,"column":51},"end":{"line":88,"column":1}},"line":55},"8":{"name":"(anonymous_8)","decl":{"start":{"line":65,"column":10},"end":{"line":65,"column":11}},"loc":{"start":{"line":65,"column":18},"end":{"line":83,"column":5}},"line":65},"9":{"name":"(anonymous_9)","decl":{"start":{"line":66,"column":61},"end":{"line":66,"column":62}},"loc":{"start":{"line":66,"column":74},"end":{"line":80,"column":7}},"line":66},"10":{"name":"(anonymous_10)","decl":{"start":{"line":84,"column":11},"end":{"line":84,"column":12}},"loc":{"start":{"line":84,"column":18},"end":{"line":87,"column":5}},"line":84},"11":{"name":"(anonymous_11)","decl":{"start":{"line":90,"column":33},"end":{"line":90,"column":34}},"loc":{"start":{"line":90,"column":53},"end":{"line":111,"column":1}},"line":90},"12":{"name":"(anonymous_12)","decl":{"start":{"line":103,"column":10},"end":{"line":103,"column":11}},"loc":{"start":{"line":103,"column":18},"end":{"line":106,"column":5}},"line":103},"13":{"name":"(anonymous_13)","decl":{"start":{"line":107,"column":11},"end":{"line":107,"column":12}},"loc":{"start":{"line":107,"column":18},"end":{"line":110,"column":5}},"line":107}},"branchMap":{"0":{"loc":{"start":{"line":72,"column":8},"end":{"line":78,"column":9}},"type":"if","locations":[{"start":{"line":72,"column":8},"end":{"line":78,"column":9}},{"start":{"line":76,"column":15},"end":{"line":78,"column":9}}],"line":72}},"s":{"0":1,"1":1,"2":1,"3":2,"4":2,"5":2,"6":2,"7":0,"8":0,"9":0,"10":0,"11":0,"12":0,"13":0,"14":0,"15":0,"16":1,"17":0,"18":0,"19":0,"20":0,"21":0,"22":0,"23":0,"24":0,"25":1,"26":0,"27":0,"28":0,"29":0,"30":0,"31":0,"32":0,"33":0,"34":0,"35":0,"36":0,"37":0,"38":0,"39":0,"40":0,"41":1,"42":0,"43":0,"44":0,"45":0,"46":0,"47":0,"48":0,"49":0,"50":1},"f":{"0":2,"1":0,"2":0,"3":0,"4":0,"5":0,"6":0,"7":0,"8":0,"9":0,"10":0,"11":0,"12":0,"13":0},"b":{"0":[0,0]},"_coverageSchema":"1a1c01bbd47fc00a2c39e90264f33305004495a9","hash":"c976b1436436643ebdc22de17d6ca107a3aa600c"}
}
