{"/Users/lisatian/Documents/GitHub/ghost/server/assets/timeFunctions.js": {"path":"/Users/lisatian/Documents/GitHub/ghost/server/assets/timeFunctions.js","statementMap":{"0":{"start":{"line":2,"column":21},"end":{"line":2,"column":40}},"1":{"start":{"line":3,"column":26},"end":{"line":3,"column":81}},"2":{"start":{"line":4,"column":2},"end":{"line":4,"column":24}},"3":{"start":{"line":8,"column":21},"end":{"line":8,"column":45}},"4":{"start":{"line":9,"column":15},"end":{"line":9,"column":35}},"5":{"start":{"line":10,"column":2},"end":{"line":10,"column":13}},"6":{"start":{"line":13,"column":0},"end":{"line":16,"column":1}}},"fnMap":{"0":{"name":"convertTime","decl":{"start":{"line":1,"column":9},"end":{"line":1,"column":20}},"loc":{"start":{"line":1,"column":32},"end":{"line":5,"column":1}},"line":1},"1":{"name":"convertToUnix","decl":{"start":{"line":7,"column":9},"end":{"line":7,"column":22}},"loc":{"start":{"line":7,"column":29},"end":{"line":11,"column":1}},"line":7}},"branchMap":{},"s":{"0":0,"1":0,"2":0,"3":2,"4":2,"5":2,"6":1},"f":{"0":0,"1":2},"b":{},"_coverageSchema":"1a1c01bbd47fc00a2c39e90264f33305004495a9","hash":"3efd100a7c24b6f12bf80e40d736c4168ae5d86b"}
,"/Users/lisatian/Documents/GitHub/ghost/server/assets/validRegions.js": {"path":"/Users/lisatian/Documents/GitHub/ghost/server/assets/validRegions.js","statementMap":{"0":{"start":{"line":1,"column":0},"end":{"line":25,"column":1}}},"fnMap":{},"branchMap":{},"s":{"0":1},"f":{},"b":{},"_coverageSchema":"1a1c01bbd47fc00a2c39e90264f33305004495a9","hash":"b1a9de0722313a3fe2634cec62d1ec6ee5102a27"}
,"/Users/lisatian/Documents/GitHub/ghost/server/controllers/cloudwatchController.js": {"path":"/Users/lisatian/Documents/GitHub/ghost/server/controllers/cloudwatchController.js","statementMap":{"0":{"start":{"line":1,"column":81},"end":{"line":1,"column":123}},"1":{"start":{"line":2,"column":25},"end":{"line":2,"column":54}},"2":{"start":{"line":4,"column":29},"end":{"line":4,"column":31}},"3":{"start":{"line":6,"column":0},"end":{"line":33,"column":1}},"4":{"start":{"line":7,"column":17},"end":{"line":7,"column":73}},"5":{"start":{"line":9,"column":16},"end":{"line":12,"column":3}},"6":{"start":{"line":14,"column":2},"end":{"line":14,"column":67}},"7":{"start":{"line":16,"column":18},"end":{"line":16,"column":54}},"8":{"start":{"line":18,"column":2},"end":{"line":32,"column":6}},"9":{"start":{"line":20,"column":25},"end":{"line":25,"column":8}},"10":{"start":{"line":21,"column":27},"end":{"line":21,"column":29}},"11":{"start":{"line":22,"column":8},"end":{"line":22,"column":39}},"12":{"start":{"line":23,"column":8},"end":{"line":23,"column":56}},"13":{"start":{"line":24,"column":8},"end":{"line":24,"column":26}},"14":{"start":{"line":26,"column":6},"end":{"line":26,"column":46}},"15":{"start":{"line":27,"column":6},"end":{"line":27,"column":20}},"16":{"start":{"line":30,"column":6},"end":{"line":30,"column":50}},"17":{"start":{"line":31,"column":6},"end":{"line":31,"column":46}},"18":{"start":{"line":35,"column":0},"end":{"line":62,"column":1}},"19":{"start":{"line":36,"column":17},"end":{"line":36,"column":73}},"20":{"start":{"line":38,"column":16},"end":{"line":41,"column":3}},"21":{"start":{"line":43,"column":2},"end":{"line":43,"column":67}},"22":{"start":{"line":45,"column":18},"end":{"line":45,"column":54}},"23":{"start":{"line":47,"column":2},"end":{"line":61,"column":6}},"24":{"start":{"line":49,"column":25},"end":{"line":54,"column":8}},"25":{"start":{"line":50,"column":27},"end":{"line":50,"column":29}},"26":{"start":{"line":51,"column":8},"end":{"line":51,"column":39}},"27":{"start":{"line":52,"column":8},"end":{"line":52,"column":56}},"28":{"start":{"line":53,"column":8},"end":{"line":53,"column":26}},"29":{"start":{"line":55,"column":6},"end":{"line":55,"column":46}},"30":{"start":{"line":56,"column":6},"end":{"line":56,"column":20}},"31":{"start":{"line":59,"column":6},"end":{"line":59,"column":50}},"32":{"start":{"line":60,"column":6},"end":{"line":60,"column":46}},"33":{"start":{"line":64,"column":0},"end":{"line":83,"column":1}},"34":{"start":{"line":65,"column":17},"end":{"line":65,"column":73}},"35":{"start":{"line":67,"column":16},"end":{"line":70,"column":3}},"36":{"start":{"line":72,"column":18},"end":{"line":72,"column":48}},"37":{"start":{"line":74,"column":2},"end":{"line":82,"column":6}},"38":{"start":{"line":76,"column":6},"end":{"line":76,"column":39}},"39":{"start":{"line":77,"column":6},"end":{"line":77,"column":13}},"40":{"start":{"line":80,"column":6},"end":{"line":80,"column":47}},"41":{"start":{"line":81,"column":6},"end":{"line":81,"column":43}},"42":{"start":{"line":85,"column":0},"end":{"line":104,"column":1}},"43":{"start":{"line":86,"column":17},"end":{"line":86,"column":73}},"44":{"start":{"line":88,"column":16},"end":{"line":91,"column":3}},"45":{"start":{"line":93,"column":18},"end":{"line":93,"column":48}},"46":{"start":{"line":95,"column":2},"end":{"line":103,"column":6}},"47":{"start":{"line":97,"column":6},"end":{"line":97,"column":39}},"48":{"start":{"line":98,"column":6},"end":{"line":98,"column":13}},"49":{"start":{"line":101,"column":6},"end":{"line":101,"column":47}},"50":{"start":{"line":102,"column":6},"end":{"line":102,"column":43}},"51":{"start":{"line":106,"column":0},"end":{"line":133,"column":1}},"52":{"start":{"line":107,"column":17},"end":{"line":107,"column":73}},"53":{"start":{"line":109,"column":16},"end":{"line":112,"column":3}},"54":{"start":{"line":113,"column":2},"end":{"line":113,"column":67}},"55":{"start":{"line":115,"column":2},"end":{"line":115,"column":29}},"56":{"start":{"line":117,"column":13},"end":{"line":117,"column":17}},"57":{"start":{"line":119,"column":2},"end":{"line":130,"column":25}},"58":{"start":{"line":120,"column":4},"end":{"line":120,"column":50}},"59":{"start":{"line":121,"column":20},"end":{"line":121,"column":56}},"60":{"start":{"line":122,"column":4},"end":{"line":122,"column":38}},"61":{"start":{"line":123,"column":23},"end":{"line":128,"column":6}},"62":{"start":{"line":124,"column":25},"end":{"line":124,"column":27}},"63":{"start":{"line":125,"column":6},"end":{"line":125,"column":37}},"64":{"start":{"line":126,"column":6},"end":{"line":126,"column":54}},"65":{"start":{"line":127,"column":6},"end":{"line":127,"column":24}},"66":{"start":{"line":129,"column":4},"end":{"line":129,"column":69}},"67":{"start":{"line":132,"column":2},"end":{"line":132,"column":16}},"68":{"start":{"line":135,"column":0},"end":{"line":156,"column":1}},"69":{"start":{"line":136,"column":17},"end":{"line":136,"column":73}},"70":{"start":{"line":138,"column":16},"end":{"line":142,"column":3}},"71":{"start":{"line":144,"column":2},"end":{"line":144,"column":26}},"72":{"start":{"line":146,"column":13},"end":{"line":146,"column":17}},"73":{"start":{"line":148,"column":2},"end":{"line":153,"column":30}},"74":{"start":{"line":149,"column":4},"end":{"line":149,"column":58}},"75":{"start":{"line":150,"column":20},"end":{"line":150,"column":50}},"76":{"start":{"line":151,"column":4},"end":{"line":151,"column":38}},"77":{"start":{"line":152,"column":4},"end":{"line":152,"column":63}},"78":{"start":{"line":155,"column":2},"end":{"line":155,"column":16}},"79":{"start":{"line":158,"column":0},"end":{"line":181,"column":1}},"80":{"start":{"line":159,"column":2},"end":{"line":159,"column":26}},"81":{"start":{"line":161,"column":17},"end":{"line":161,"column":73}},"82":{"start":{"line":163,"column":2},"end":{"line":178,"column":3}},"83":{"start":{"line":164,"column":18},"end":{"line":167,"column":5}},"84":{"start":{"line":169,"column":15},"end":{"line":169,"column":19}},"85":{"start":{"line":171,"column":4},"end":{"line":176,"column":32}},"86":{"start":{"line":172,"column":6},"end":{"line":172,"column":60}},"87":{"start":{"line":173,"column":22},"end":{"line":173,"column":52}},"88":{"start":{"line":174,"column":6},"end":{"line":174,"column":40}},"89":{"start":{"line":175,"column":6},"end":{"line":175,"column":65}},"90":{"start":{"line":180,"column":2},"end":{"line":180,"column":16}},"91":{"start":{"line":185,"column":0},"end":{"line":185,"column":38}}},"fnMap":{"0":{"name":"(anonymous_0)","decl":{"start":{"line":6,"column":37},"end":{"line":6,"column":38}},"loc":{"start":{"line":6,"column":57},"end":{"line":33,"column":1}},"line":6},"1":{"name":"(anonymous_1)","decl":{"start":{"line":19,"column":10},"end":{"line":19,"column":11}},"loc":{"start":{"line":19,"column":18},"end":{"line":28,"column":5}},"line":19},"2":{"name":"(anonymous_2)","decl":{"start":{"line":20,"column":45},"end":{"line":20,"column":46}},"loc":{"start":{"line":20,"column":58},"end":{"line":25,"column":7}},"line":20},"3":{"name":"(anonymous_3)","decl":{"start":{"line":29,"column":11},"end":{"line":29,"column":12}},"loc":{"start":{"line":29,"column":18},"end":{"line":32,"column":5}},"line":29},"4":{"name":"(anonymous_4)","decl":{"start":{"line":35,"column":41},"end":{"line":35,"column":42}},"loc":{"start":{"line":35,"column":61},"end":{"line":62,"column":1}},"line":35},"5":{"name":"(anonymous_5)","decl":{"start":{"line":48,"column":10},"end":{"line":48,"column":11}},"loc":{"start":{"line":48,"column":18},"end":{"line":57,"column":5}},"line":48},"6":{"name":"(anonymous_6)","decl":{"start":{"line":49,"column":45},"end":{"line":49,"column":46}},"loc":{"start":{"line":49,"column":58},"end":{"line":54,"column":7}},"line":49},"7":{"name":"(anonymous_7)","decl":{"start":{"line":58,"column":11},"end":{"line":58,"column":12}},"loc":{"start":{"line":58,"column":18},"end":{"line":61,"column":5}},"line":58},"8":{"name":"(anonymous_8)","decl":{"start":{"line":64,"column":34},"end":{"line":64,"column":35}},"loc":{"start":{"line":64,"column":54},"end":{"line":83,"column":1}},"line":64},"9":{"name":"(anonymous_9)","decl":{"start":{"line":75,"column":10},"end":{"line":75,"column":11}},"loc":{"start":{"line":75,"column":18},"end":{"line":78,"column":5}},"line":75},"10":{"name":"(anonymous_10)","decl":{"start":{"line":79,"column":11},"end":{"line":79,"column":12}},"loc":{"start":{"line":79,"column":18},"end":{"line":82,"column":5}},"line":79},"11":{"name":"(anonymous_11)","decl":{"start":{"line":85,"column":40},"end":{"line":85,"column":41}},"loc":{"start":{"line":85,"column":60},"end":{"line":104,"column":1}},"line":85},"12":{"name":"(anonymous_12)","decl":{"start":{"line":96,"column":10},"end":{"line":96,"column":11}},"loc":{"start":{"line":96,"column":18},"end":{"line":99,"column":5}},"line":96},"13":{"name":"(anonymous_13)","decl":{"start":{"line":100,"column":11},"end":{"line":100,"column":12}},"loc":{"start":{"line":100,"column":18},"end":{"line":103,"column":5}},"line":100},"14":{"name":"(anonymous_14)","decl":{"start":{"line":106,"column":40},"end":{"line":106,"column":41}},"loc":{"start":{"line":106,"column":66},"end":{"line":133,"column":1}},"line":106},"15":{"name":"(anonymous_15)","decl":{"start":{"line":123,"column":43},"end":{"line":123,"column":44}},"loc":{"start":{"line":123,"column":56},"end":{"line":128,"column":5}},"line":123},"16":{"name":"(anonymous_16)","decl":{"start":{"line":135,"column":37},"end":{"line":135,"column":38}},"loc":{"start":{"line":135,"column":63},"end":{"line":156,"column":1}},"line":135},"17":{"name":"(anonymous_17)","decl":{"start":{"line":158,"column":45},"end":{"line":158,"column":46}},"loc":{"start":{"line":158,"column":71},"end":{"line":181,"column":1}},"line":158}},"branchMap":{"0":{"loc":{"start":{"line":14,"column":2},"end":{"line":14,"column":66}},"type":"cond-expr","locations":[{"start":{"line":14,"column":18},"end":{"line":14,"column":59}},{"start":{"line":14,"column":62},"end":{"line":14,"column":66}}],"line":14},"1":{"loc":{"start":{"line":43,"column":2},"end":{"line":43,"column":66}},"type":"cond-expr","locations":[{"start":{"line":43,"column":18},"end":{"line":43,"column":59}},{"start":{"line":43,"column":62},"end":{"line":43,"column":66}}],"line":43},"2":{"loc":{"start":{"line":113,"column":2},"end":{"line":113,"column":66}},"type":"cond-expr","locations":[{"start":{"line":113,"column":18},"end":{"line":113,"column":59}},{"start":{"line":113,"column":62},"end":{"line":113,"column":66}}],"line":113},"3":{"loc":{"start":{"line":120,"column":4},"end":{"line":120,"column":50}},"type":"cond-expr","locations":[{"start":{"line":120,"column":11},"end":{"line":120,"column":43}},{"start":{"line":120,"column":46},"end":{"line":120,"column":50}}],"line":120},"4":{"loc":{"start":{"line":149,"column":4},"end":{"line":149,"column":58}},"type":"cond-expr","locations":[{"start":{"line":149,"column":11},"end":{"line":149,"column":51}},{"start":{"line":149,"column":54},"end":{"line":149,"column":58}}],"line":149},"5":{"loc":{"start":{"line":172,"column":6},"end":{"line":172,"column":60}},"type":"cond-expr","locations":[{"start":{"line":172,"column":13},"end":{"line":172,"column":53}},{"start":{"line":172,"column":56},"end":{"line":172,"column":60}}],"line":172}},"s":{"0":1,"1":1,"2":1,"3":1,"4":0,"5":0,"6":0,"7":0,"8":0,"9":0,"10":0,"11":0,"12":0,"13":0,"14":0,"15":0,"16":0,"17":0,"18":1,"19":0,"20":0,"21":0,"22":0,"23":0,"24":0,"25":0,"26":0,"27":0,"28":0,"29":0,"30":0,"31":0,"32":0,"33":1,"34":0,"35":0,"36":0,"37":0,"38":0,"39":0,"40":0,"41":0,"42":1,"43":0,"44":0,"45":0,"46":0,"47":0,"48":0,"49":0,"50":0,"51":1,"52":0,"53":0,"54":0,"55":0,"56":0,"57":0,"58":0,"59":0,"60":0,"61":0,"62":0,"63":0,"64":0,"65":0,"66":0,"67":0,"68":1,"69":0,"70":0,"71":0,"72":0,"73":0,"74":0,"75":0,"76":0,"77":0,"78":0,"79":1,"80":0,"81":0,"82":0,"83":0,"84":0,"85":0,"86":0,"87":0,"88":0,"89":0,"90":0,"91":1},"f":{"0":0,"1":0,"2":0,"3":0,"4":0,"5":0,"6":0,"7":0,"8":0,"9":0,"10":0,"11":0,"12":0,"13":0,"14":0,"15":0,"16":0,"17":0},"b":{"0":[0,0],"1":[0,0],"2":[0,0],"3":[0,0],"4":[0,0],"5":[0,0]},"_coverageSchema":"1a1c01bbd47fc00a2c39e90264f33305004495a9","hash":"b2e044a050099aede883917164fdf032f3091a2c"}
,"/Users/lisatian/Documents/GitHub/ghost/server/controllers/lambdaController.js": {"path":"/Users/lisatian/Documents/GitHub/ghost/server/controllers/lambdaController.js","statementMap":{"0":{"start":{"line":1,"column":145},"end":{"line":1,"column":178}},"1":{"start":{"line":2,"column":25},"end":{"line":2,"column":54}},"2":{"start":{"line":4,"column":25},"end":{"line":4,"column":27}},"3":{"start":{"line":6,"column":0},"end":{"line":29,"column":1}},"4":{"start":{"line":7,"column":17},"end":{"line":7,"column":65}},"5":{"start":{"line":9,"column":16},"end":{"line":9,"column":18}},"6":{"start":{"line":11,"column":18},"end":{"line":11,"column":49}},"7":{"start":{"line":13,"column":2},"end":{"line":27,"column":6}},"8":{"start":{"line":15,"column":24},"end":{"line":20,"column":8}},"9":{"start":{"line":16,"column":25},"end":{"line":16,"column":27}},"10":{"start":{"line":17,"column":8},"end":{"line":17,"column":51}},"11":{"start":{"line":18,"column":8},"end":{"line":18,"column":49}},"12":{"start":{"line":19,"column":8},"end":{"line":19,"column":23}},"13":{"start":{"line":21,"column":6},"end":{"line":21,"column":39}},"14":{"start":{"line":22,"column":6},"end":{"line":22,"column":20}},"15":{"start":{"line":25,"column":6},"end":{"line":25,"column":49}},"16":{"start":{"line":26,"column":6},"end":{"line":26,"column":22}},"17":{"start":{"line":31,"column":0},"end":{"line":54,"column":1}},"18":{"start":{"line":32,"column":17},"end":{"line":32,"column":65}},"19":{"start":{"line":34,"column":16},"end":{"line":36,"column":3}},"20":{"start":{"line":38,"column":18},"end":{"line":38,"column":60}},"21":{"start":{"line":40,"column":2},"end":{"line":53,"column":6}},"22":{"start":{"line":42,"column":6},"end":{"line":47,"column":8}},"23":{"start":{"line":48,"column":6},"end":{"line":48,"column":13}},"24":{"start":{"line":51,"column":6},"end":{"line":51,"column":51}},"25":{"start":{"line":52,"column":6},"end":{"line":52,"column":22}},"26":{"start":{"line":56,"column":0},"end":{"line":93,"column":1}},"27":{"start":{"line":57,"column":17},"end":{"line":57,"column":65}},"28":{"start":{"line":59,"column":16},"end":{"line":61,"column":3}},"29":{"start":{"line":63,"column":18},"end":{"line":63,"column":45}},"30":{"start":{"line":65,"column":2},"end":{"line":92,"column":6}},"31":{"start":{"line":67,"column":23},"end":{"line":85,"column":8}},"32":{"start":{"line":68,"column":27},"end":{"line":72,"column":9}},"33":{"start":{"line":73,"column":8},"end":{"line":79,"column":9}},"34":{"start":{"line":74,"column":10},"end":{"line":76,"column":11}},"35":{"start":{"line":75,"column":12},"end":{"line":75,"column":59}},"36":{"start":{"line":78,"column":10},"end":{"line":78,"column":53}},"37":{"start":{"line":80,"column":8},"end":{"line":82,"column":9}},"38":{"start":{"line":81,"column":10},"end":{"line":81,"column":92}},"39":{"start":{"line":84,"column":8},"end":{"line":84,"column":25}},"40":{"start":{"line":86,"column":6},"end":{"line":86,"column":36}},"41":{"start":{"line":87,"column":6},"end":{"line":87,"column":13}},"42":{"start":{"line":90,"column":6},"end":{"line":90,"column":48}},"43":{"start":{"line":91,"column":6},"end":{"line":91,"column":22}},"44":{"start":{"line":95,"column":0},"end":{"line":118,"column":1}},"45":{"start":{"line":96,"column":17},"end":{"line":96,"column":65}},"46":{"start":{"line":98,"column":16},"end":{"line":103,"column":3}},"47":{"start":{"line":105,"column":2},"end":{"line":105,"column":82}},"48":{"start":{"line":107,"column":18},"end":{"line":107,"column":49}},"49":{"start":{"line":109,"column":2},"end":{"line":117,"column":6}},"50":{"start":{"line":111,"column":6},"end":{"line":111,"column":40}},"51":{"start":{"line":112,"column":6},"end":{"line":112,"column":20}},"52":{"start":{"line":115,"column":6},"end":{"line":115,"column":51}},"53":{"start":{"line":116,"column":6},"end":{"line":116,"column":22}},"54":{"start":{"line":120,"column":0},"end":{"line":139,"column":1}},"55":{"start":{"line":121,"column":17},"end":{"line":121,"column":65}},"56":{"start":{"line":123,"column":16},"end":{"line":126,"column":3}},"57":{"start":{"line":128,"column":18},"end":{"line":128,"column":52}},"58":{"start":{"line":130,"column":2},"end":{"line":138,"column":6}},"59":{"start":{"line":132,"column":6},"end":{"line":132,"column":42}},"60":{"start":{"line":133,"column":6},"end":{"line":133,"column":20}},"61":{"start":{"line":136,"column":6},"end":{"line":136,"column":54}},"62":{"start":{"line":137,"column":6},"end":{"line":137,"column":22}},"63":{"start":{"line":142,"column":0},"end":{"line":142,"column":34}}},"fnMap":{"0":{"name":"(anonymous_0)","decl":{"start":{"line":6,"column":32},"end":{"line":6,"column":33}},"loc":{"start":{"line":6,"column":52},"end":{"line":29,"column":1}},"line":6},"1":{"name":"(anonymous_1)","decl":{"start":{"line":14,"column":10},"end":{"line":14,"column":11}},"loc":{"start":{"line":14,"column":18},"end":{"line":23,"column":5}},"line":14},"2":{"name":"(anonymous_2)","decl":{"start":{"line":15,"column":43},"end":{"line":15,"column":44}},"loc":{"start":{"line":15,"column":52},"end":{"line":20,"column":7}},"line":15},"3":{"name":"(anonymous_3)","decl":{"start":{"line":24,"column":11},"end":{"line":24,"column":12}},"loc":{"start":{"line":24,"column":18},"end":{"line":27,"column":5}},"line":24},"4":{"name":"(anonymous_4)","decl":{"start":{"line":31,"column":34},"end":{"line":31,"column":35}},"loc":{"start":{"line":31,"column":54},"end":{"line":54,"column":1}},"line":31},"5":{"name":"(anonymous_5)","decl":{"start":{"line":41,"column":10},"end":{"line":41,"column":11}},"loc":{"start":{"line":41,"column":18},"end":{"line":49,"column":5}},"line":41},"6":{"name":"(anonymous_6)","decl":{"start":{"line":50,"column":11},"end":{"line":50,"column":12}},"loc":{"start":{"line":50,"column":18},"end":{"line":53,"column":5}},"line":50},"7":{"name":"(anonymous_7)","decl":{"start":{"line":56,"column":31},"end":{"line":56,"column":32}},"loc":{"start":{"line":56,"column":51},"end":{"line":93,"column":1}},"line":56},"8":{"name":"(anonymous_8)","decl":{"start":{"line":66,"column":10},"end":{"line":66,"column":11}},"loc":{"start":{"line":66,"column":18},"end":{"line":88,"column":5}},"line":66},"9":{"name":"(anonymous_9)","decl":{"start":{"line":67,"column":61},"end":{"line":67,"column":62}},"loc":{"start":{"line":67,"column":74},"end":{"line":85,"column":7}},"line":67},"10":{"name":"(anonymous_10)","decl":{"start":{"line":89,"column":11},"end":{"line":89,"column":12}},"loc":{"start":{"line":89,"column":18},"end":{"line":92,"column":5}},"line":89},"11":{"name":"(anonymous_11)","decl":{"start":{"line":95,"column":33},"end":{"line":95,"column":34}},"loc":{"start":{"line":95,"column":53},"end":{"line":118,"column":1}},"line":95},"12":{"name":"(anonymous_12)","decl":{"start":{"line":110,"column":10},"end":{"line":110,"column":11}},"loc":{"start":{"line":110,"column":18},"end":{"line":113,"column":5}},"line":110},"13":{"name":"(anonymous_13)","decl":{"start":{"line":114,"column":11},"end":{"line":114,"column":12}},"loc":{"start":{"line":114,"column":18},"end":{"line":117,"column":5}},"line":114},"14":{"name":"(anonymous_14)","decl":{"start":{"line":120,"column":36},"end":{"line":120,"column":37}},"loc":{"start":{"line":120,"column":56},"end":{"line":139,"column":1}},"line":120},"15":{"name":"(anonymous_15)","decl":{"start":{"line":131,"column":10},"end":{"line":131,"column":11}},"loc":{"start":{"line":131,"column":18},"end":{"line":134,"column":5}},"line":131},"16":{"name":"(anonymous_16)","decl":{"start":{"line":135,"column":11},"end":{"line":135,"column":12}},"loc":{"start":{"line":135,"column":18},"end":{"line":138,"column":5}},"line":135}},"branchMap":{"0":{"loc":{"start":{"line":73,"column":8},"end":{"line":79,"column":9}},"type":"if","locations":[{"start":{"line":73,"column":8},"end":{"line":79,"column":9}},{"start":{"line":77,"column":15},"end":{"line":79,"column":9}}],"line":73},"1":{"loc":{"start":{"line":80,"column":8},"end":{"line":82,"column":9}},"type":"if","locations":[{"start":{"line":80,"column":8},"end":{"line":82,"column":9}},{"start":{},"end":{}}],"line":80},"2":{"loc":{"start":{"line":105,"column":2},"end":{"line":105,"column":81}},"type":"cond-expr","locations":[{"start":{"line":105,"column":28},"end":{"line":105,"column":74}},{"start":{"line":105,"column":77},"end":{"line":105,"column":81}}],"line":105}},"s":{"0":1,"1":1,"2":1,"3":1,"4":1,"5":1,"6":1,"7":1,"8":0,"9":0,"10":0,"11":0,"12":0,"13":0,"14":0,"15":0,"16":0,"17":1,"18":0,"19":0,"20":0,"21":0,"22":0,"23":0,"24":0,"25":0,"26":1,"27":0,"28":0,"29":0,"30":0,"31":0,"32":0,"33":0,"34":0,"35":0,"36":0,"37":0,"38":0,"39":0,"40":0,"41":0,"42":0,"43":0,"44":1,"45":0,"46":0,"47":0,"48":0,"49":0,"50":0,"51":0,"52":0,"53":0,"54":1,"55":0,"56":0,"57":0,"58":0,"59":0,"60":0,"61":0,"62":0,"63":1},"f":{"0":1,"1":0,"2":0,"3":0,"4":0,"5":0,"6":0,"7":0,"8":0,"9":0,"10":0,"11":0,"12":0,"13":0,"14":0,"15":0,"16":0},"b":{"0":[0,0],"1":[0,0],"2":[0,0]},"_coverageSchema":"1a1c01bbd47fc00a2c39e90264f33305004495a9","hash":"3a58db39f5f99098310eb2f5b34f904f29a5db86"}
,"/Users/lisatian/Documents/GitHub/ghost/server/controllers/metricsController.js": {"path":"/Users/lisatian/Documents/GitHub/ghost/server/controllers/metricsController.js","statementMap":{"0":{"start":{"line":1,"column":78},"end":{"line":1,"column":115}},"1":{"start":{"line":2,"column":39},"end":{"line":2,"column":73}},"2":{"start":{"line":3,"column":25},"end":{"line":3,"column":54}},"3":{"start":{"line":5,"column":26},"end":{"line":5,"column":28}},"4":{"start":{"line":8,"column":0},"end":{"line":24,"column":1}},"5":{"start":{"line":9,"column":17},"end":{"line":9,"column":69}},"6":{"start":{"line":11,"column":16},"end":{"line":11,"column":18}},"7":{"start":{"line":13,"column":18},"end":{"line":13,"column":47}},"8":{"start":{"line":15,"column":2},"end":{"line":23,"column":6}},"9":{"start":{"line":17,"column":6},"end":{"line":17,"column":36}},"10":{"start":{"line":18,"column":6},"end":{"line":18,"column":20}},"11":{"start":{"line":21,"column":6},"end":{"line":21,"column":49}},"12":{"start":{"line":22,"column":6},"end":{"line":22,"column":17}},"13":{"start":{"line":26,"column":0},"end":{"line":64,"column":1}},"14":{"start":{"line":27,"column":17},"end":{"line":27,"column":69}},"15":{"start":{"line":28,"column":16},"end":{"line":45,"column":3}},"16":{"start":{"line":47,"column":18},"end":{"line":47,"column":55}},"17":{"start":{"line":49,"column":2},"end":{"line":63,"column":6}},"18":{"start":{"line":51,"column":21},"end":{"line":51,"column":23}},"19":{"start":{"line":52,"column":6},"end":{"line":52,"column":32}},"20":{"start":{"line":53,"column":6},"end":{"line":56,"column":8}},"21":{"start":{"line":54,"column":8},"end":{"line":54,"column":63}},"22":{"start":{"line":55,"column":8},"end":{"line":55,"column":25}},"23":{"start":{"line":57,"column":6},"end":{"line":57,"column":38}},"24":{"start":{"line":58,"column":6},"end":{"line":58,"column":19}},"25":{"start":{"line":61,"column":6},"end":{"line":61,"column":60}},"26":{"start":{"line":62,"column":6},"end":{"line":62,"column":24}},"27":{"start":{"line":66,"column":0},"end":{"line":66,"column":35}}},"fnMap":{"0":{"name":"(anonymous_0)","decl":{"start":{"line":8,"column":32},"end":{"line":8,"column":33}},"loc":{"start":{"line":8,"column":52},"end":{"line":24,"column":1}},"line":8},"1":{"name":"(anonymous_1)","decl":{"start":{"line":16,"column":10},"end":{"line":16,"column":11}},"loc":{"start":{"line":16,"column":18},"end":{"line":19,"column":5}},"line":16},"2":{"name":"(anonymous_2)","decl":{"start":{"line":20,"column":11},"end":{"line":20,"column":12}},"loc":{"start":{"line":20,"column":20},"end":{"line":23,"column":5}},"line":20},"3":{"name":"(anonymous_3)","decl":{"start":{"line":26,"column":31},"end":{"line":26,"column":32}},"loc":{"start":{"line":26,"column":51},"end":{"line":64,"column":1}},"line":26},"4":{"name":"(anonymous_4)","decl":{"start":{"line":50,"column":10},"end":{"line":50,"column":11}},"loc":{"start":{"line":50,"column":18},"end":{"line":59,"column":5}},"line":50},"5":{"name":"(anonymous_5)","decl":{"start":{"line":53,"column":46},"end":{"line":53,"column":47}},"loc":{"start":{"line":53,"column":59},"end":{"line":56,"column":7}},"line":53},"6":{"name":"(anonymous_6)","decl":{"start":{"line":60,"column":11},"end":{"line":60,"column":12}},"loc":{"start":{"line":60,"column":20},"end":{"line":63,"column":5}},"line":60}},"branchMap":{},"s":{"0":1,"1":1,"2":1,"3":1,"4":1,"5":0,"6":0,"7":0,"8":0,"9":0,"10":0,"11":0,"12":0,"13":1,"14":1,"15":1,"16":1,"17":1,"18":0,"19":0,"20":0,"21":0,"22":0,"23":0,"24":0,"25":0,"26":0,"27":1},"f":{"0":0,"1":0,"2":0,"3":1,"4":0,"5":0,"6":0},"b":{},"_coverageSchema":"1a1c01bbd47fc00a2c39e90264f33305004495a9","hash":"cfc63570fc715724a7fd4309cf3995a6262e85a7"}
,"/Users/lisatian/Documents/GitHub/ghost/server/controllers/regionController.js": {"path":"/Users/lisatian/Documents/GitHub/ghost/server/controllers/regionController.js","statementMap":{"0":{"start":{"line":1,"column":21},"end":{"line":1,"column":54}},"1":{"start":{"line":3,"column":25},"end":{"line":5,"column":1}},"2":{"start":{"line":7,"column":0},"end":{"line":21,"column":1}},"3":{"start":{"line":8,"column":2},"end":{"line":20,"column":3}},"4":{"start":{"line":9,"column":22},"end":{"line":9,"column":37}},"5":{"start":{"line":10,"column":4},"end":{"line":15,"column":5}},"6":{"start":{"line":11,"column":6},"end":{"line":11,"column":61}},"7":{"start":{"line":12,"column":6},"end":{"line":12,"column":44}},"8":{"start":{"line":14,"column":6},"end":{"line":14,"column":44}},"9":{"start":{"line":16,"column":4},"end":{"line":16,"column":18}},"10":{"start":{"line":18,"column":4},"end":{"line":18,"column":47}},"11":{"start":{"line":19,"column":4},"end":{"line":19,"column":15}},"12":{"start":{"line":23,"column":0},"end":{"line":23,"column":34}}},"fnMap":{"0":{"name":"(anonymous_0)","decl":{"start":{"line":7,"column":32},"end":{"line":7,"column":33}},"loc":{"start":{"line":7,"column":52},"end":{"line":21,"column":1}},"line":7}},"branchMap":{"0":{"loc":{"start":{"line":10,"column":4},"end":{"line":15,"column":5}},"type":"if","locations":[{"start":{"line":10,"column":4},"end":{"line":15,"column":5}},{"start":{"line":13,"column":11},"end":{"line":15,"column":5}}],"line":10}},"s":{"0":1,"1":1,"2":1,"3":0,"4":0,"5":0,"6":0,"7":0,"8":0,"9":0,"10":0,"11":0,"12":1},"f":{"0":0},"b":{"0":[0,0]},"_coverageSchema":"1a1c01bbd47fc00a2c39e90264f33305004495a9","hash":"2d81d1417d5a18d91138f4610aa4703f21fced94"}
}
