TN:
SF:server/controllers/lambdaController.js
FN:5,(anonymous_0)
FN:13,(anonymous_1)
FN:14,(anonymous_2)
FN:23,(anonymous_3)
FN:30,(anonymous_4)
FN:40,(anonymous_5)
FN:49,(anonymous_6)
FN:55,(anonymous_7)
FN:65,(anonymous_8)
FN:66,(anonymous_9)
FN:84,(anonymous_10)
FN:90,(anonymous_11)
FN:103,(anonymous_12)
FN:107,(anonymous_13)
FNF:14
FNH:1
FNDA:2,(anonymous_0)
FNDA:0,(anonymous_1)
FNDA:0,(anonymous_2)
FNDA:0,(anonymous_3)
FNDA:0,(anonymous_4)
FNDA:0,(anonymous_5)
FNDA:0,(anonymous_6)
FNDA:0,(anonymous_7)
FNDA:0,(anonymous_8)
FNDA:0,(anonymous_9)
FNDA:0,(anonymous_10)
FNDA:0,(anonymous_11)
FNDA:0,(anonymous_12)
FNDA:0,(anonymous_13)
DA:1,1
DA:3,1
DA:5,1
DA:6,2
DA:8,2
DA:10,2
DA:12,2
DA:14,0
DA:15,0
DA:16,0
DA:17,0
DA:18,0
DA:20,0
DA:21,0
DA:24,0
DA:25,0
DA:30,1
DA:31,0
DA:33,0
DA:37,0
DA:39,0
DA:41,0
DA:47,0
DA:50,0
DA:51,0
DA:55,1
DA:56,0
DA:58,0
DA:62,0
DA:64,0
DA:66,0
DA:67,0
DA:72,0
DA:73,0
DA:74,0
DA:77,0
DA:79,0
DA:81,0
DA:82,0
DA:85,0
DA:86,0
DA:90,1
DA:91,0
DA:93,0
DA:100,0
DA:102,0
DA:104,0
DA:105,0
DA:108,0
DA:109,0
DA:114,1
LF:51
LH:11
BRDA:72,0,0,0
BRDA:72,0,1,0
BRF:2
BRH:0
end_of_record
